TN:
SF:src/hooks/useBackgroundAudio.ts
FN:7,useBackgroundAudio
FN:12,(anonymous_1)
FN:13,(anonymous_2)
FN:15,(anonymous_3)
FN:18,(anonymous_4)
FN:21,(anonymous_5)
FN:29,(anonymous_6)
FN:45,(anonymous_7)
FN:51,(anonymous_8)
FN:54,(anonymous_9)
FN:59,(anonymous_10)
FNF:11
FNH:0
FNDA:0,useBackgroundAudio
FNDA:0,(anonymous_1)
FNDA:0,(anonymous_2)
FNDA:0,(anonymous_3)
FNDA:0,(anonymous_4)
FNDA:0,(anonymous_5)
FNDA:0,(anonymous_6)
FNDA:0,(anonymous_7)
FNDA:0,(anonymous_8)
FNDA:0,(anonymous_9)
FNDA:0,(anonymous_10)
DA:8,0
DA:9,0
DA:10,0
DA:12,0
DA:13,0
DA:15,0
DA:16,0
DA:18,0
DA:19,0
DA:20,0
DA:21,0
DA:22,0
DA:29,0
DA:30,0
DA:31,0
DA:32,0
DA:34,0
DA:38,0
DA:39,0
DA:41,0
DA:42,0
DA:45,0
DA:46,0
DA:47,0
DA:51,0
DA:52,0
DA:54,0
DA:55,0
DA:56,0
DA:58,0
DA:59,0
LF:31
LH:0
BRDA:16,0,0,0
BRDA:16,0,1,0
BRDA:20,1,0,0
BRDA:20,1,1,0
BRDA:21,2,0,0
BRDA:21,2,1,0
BRDA:30,3,0,0
BRDA:30,3,1,0
BRDA:38,4,0,0
BRDA:38,4,1,0
BRDA:52,5,0,0
BRDA:52,5,1,0
BRDA:52,6,0,0
BRDA:52,6,1,0
BRDA:52,6,2,0
BRF:15
BRH:0
end_of_record
TN:
SF:src/hooks/useBottomBar.ts
FN:8,(anonymous_0)
FN:10,(anonymous_1)
FNF:2
FNH:0
FNDA:0,(anonymous_0)
FNDA:0,(anonymous_1)
DA:8,0
DA:10,0
LF:2
LH:0
BRF:0
BRH:0
end_of_record
TN:
SF:src/hooks/useDownloads.ts
FN:22,getBackoffDelay
FN:29,recordError
FN:35,recordSuccess
FN:63,(anonymous_3)
FN:68,(anonymous_4)
FN:69,(anonymous_5)
FN:75,(anonymous_6)
FN:81,(anonymous_7)
FN:83,(anonymous_8)
FN:91,(anonymous_9)
FN:95,(anonymous_10)
FN:96,(anonymous_11)
FN:96,(anonymous_12)
FN:99,(anonymous_13)
FN:100,(anonymous_14)
FN:100,(anonymous_15)
FN:103,(anonymous_16)
FN:105,(anonymous_17)
FN:111,(anonymous_18)
FN:115,(anonymous_19)
FN:116,(anonymous_20)
FN:121,(anonymous_21)
FN:122,(anonymous_22)
FN:123,(anonymous_23)
FN:127,(anonymous_24)
FN:131,(anonymous_25)
FN:138,(anonymous_26)
FN:147,(anonymous_27)
FN:151,(anonymous_28)
FN:155,(anonymous_29)
FN:159,(anonymous_30)
FN:165,(anonymous_31)
FN:166,(anonymous_32)
FN:170,(anonymous_33)
FN:193,(anonymous_34)
FN:221,(anonymous_35)
FN:230,(anonymous_36)
FN:231,(anonymous_37)
FN:232,(anonymous_38)
FN:236,(anonymous_39)
FN:251,(anonymous_40)
FNF:41
FNH:32
FNDA:4,getBackoffDelay
FNDA:1,recordError
FNDA:2,recordSuccess
FNDA:1,(anonymous_3)
FNDA:10,(anonymous_4)
FNDA:1,(anonymous_5)
FNDA:9,(anonymous_6)
FNDA:2,(anonymous_7)
FNDA:3,(anonymous_8)
FNDA:2,(anonymous_9)
FNDA:1,(anonymous_10)
FNDA:1,(anonymous_11)
FNDA:1,(anonymous_12)
FNDA:1,(anonymous_13)
FNDA:1,(anonymous_14)
FNDA:1,(anonymous_15)
FNDA:1,(anonymous_16)
FNDA:0,(anonymous_17)
FNDA:1,(anonymous_18)
FNDA:1,(anonymous_19)
FNDA:1,(anonymous_20)
FNDA:5,(anonymous_21)
FNDA:5,(anonymous_22)
FNDA:5,(anonymous_23)
FNDA:11,(anonymous_24)
FNDA:2,(anonymous_25)
FNDA:0,(anonymous_26)
FNDA:2,(anonymous_27)
FNDA:4,(anonymous_28)
FNDA:2,(anonymous_29)
FNDA:2,(anonymous_30)
FNDA:0,(anonymous_31)
FNDA:0,(anonymous_32)
FNDA:0,(anonymous_33)
FNDA:0,(anonymous_34)
FNDA:0,(anonymous_35)
FNDA:2,(anonymous_36)
FNDA:2,(anonymous_37)
FNDA:2,(anonymous_38)
FNDA:0,(anonymous_39)
FNDA:0,(anonymous_40)
DA:11,1
DA:13,1
DA:20,1
DA:23,4
DA:24,2
DA:26,2
DA:30,1
DA:31,1
DA:32,1
DA:36,2
DA:63,1
DA:69,10
DA:70,1
DA:72,10
DA:74,9
DA:75,9
DA:78,9
DA:82,2
DA:83,3
DA:91,2
DA:92,2
DA:96,1
DA:100,1
DA:104,1
DA:105,1
DA:106,1
DA:107,1
DA:108,1
DA:112,1
DA:113,1
DA:114,1
DA:115,1
DA:116,1
DA:122,5
DA:123,5
DA:128,11
DA:129,2
DA:131,2
DA:134,2
DA:135,2
DA:136,0
DA:137,0
DA:138,0
DA:140,0
DA:141,0
DA:144,2
DA:145,4
DA:146,4
DA:147,2
DA:150,4
DA:151,4
DA:152,4
DA:154,2
DA:155,2
DA:157,2
DA:158,2
DA:160,2
DA:161,2
DA:162,2
DA:164,2
DA:165,2
DA:166,0
DA:167,0
DA:168,0
DA:170,0
DA:175,2
DA:177,2
DA:178,2
DA:179,1
DA:180,1
DA:181,0
DA:185,1
DA:186,1
DA:187,1
DA:189,1
DA:195,1
DA:207,1
DA:208,1
DA:209,1
DA:210,1
DA:211,1
DA:212,1
DA:217,1
DA:227,2
DA:229,2
DA:230,2
DA:231,2
DA:232,2
DA:233,2
DA:234,2
DA:235,2
DA:236,2
DA:240,2
DA:242,2
DA:243,0
DA:244,0
DA:245,0
DA:251,2
LF:98
LH:85
BRDA:13,0,0,1
BRDA:13,0,1,1
BRDA:23,1,0,2
BRDA:23,1,1,2
BRDA:70,2,0,1
BRDA:70,2,1,1
BRDA:70,2,2,1
BRDA:70,2,3,0
BRDA:70,2,4,0
BRDA:72,3,0,1
BRDA:72,3,1,9
BRDA:100,4,0,1
BRDA:100,4,1,0
BRDA:116,5,0,1
BRDA:116,5,1,0
BRDA:123,6,0,5
BRDA:123,6,1,0
BRDA:128,7,0,9
BRDA:128,7,1,2
BRDA:135,8,0,0
BRDA:135,8,1,2
BRDA:146,9,0,2
BRDA:146,9,1,2
BRDA:151,10,0,4
BRDA:151,10,1,2
BRDA:151,10,2,2
BRDA:152,11,0,2
BRDA:152,11,1,2
BRDA:166,12,0,0
BRDA:166,12,1,0
BRDA:167,13,0,0
BRDA:167,13,1,0
BRDA:170,14,0,0
BRDA:170,14,1,0
BRDA:177,15,0,2
BRDA:177,15,1,1
BRDA:178,16,0,1
BRDA:178,16,1,1
BRDA:178,17,0,2
BRDA:178,17,1,1
BRDA:180,18,0,0
BRDA:180,18,1,1
BRDA:211,19,0,1
BRDA:211,19,1,0
BRDA:232,20,0,2
BRDA:232,20,1,0
BRDA:232,21,0,2
BRDA:232,21,1,0
BRDA:235,22,0,2
BRDA:235,22,1,0
BRDA:242,23,0,0
BRDA:242,23,1,2
BRF:52
BRH:34
end_of_record
TN:
SF:src/hooks/useEdgeToEdge.ts
FN:11,getInsets
FN:13,(anonymous_1)
FN:22,useEdgeToEdge
FN:26,(anonymous_3)
FN:27,(anonymous_4)
FN:30,(anonymous_5)
FN:33,(anonymous_6)
FN:36,(anonymous_7)
FN:48,(anonymous_8)
FNF:9
FNH:0
FNDA:0,getInsets
FNDA:0,(anonymous_1)
FNDA:0,useEdgeToEdge
FNDA:0,(anonymous_3)
FNDA:0,(anonymous_4)
FNDA:0,(anonymous_5)
FNDA:0,(anonymous_6)
FNDA:0,(anonymous_7)
FNDA:0,(anonymous_8)
DA:12,0
DA:13,0
DA:14,0
DA:23,0
DA:24,0
DA:26,0
DA:27,0
DA:28,0
DA:29,0
DA:30,0
DA:33,0
DA:34,0
DA:35,0
DA:36,0
DA:37,0
DA:38,0
DA:39,0
DA:40,0
DA:41,0
DA:47,0
DA:48,0
DA:51,0
LF:22
LH:0
BRDA:13,0,0,0
BRDA:13,0,1,0
BRDA:34,1,0,0
BRDA:34,1,1,0
BRDA:40,2,0,0
BRDA:40,2,1,0
BRDA:41,3,0,0
BRDA:41,3,1,0
BRF:8
BRH:0
end_of_record
TN:
SF:src/hooks/useHaptics.ts
FN:7,useHaptics
FN:8,(anonymous_1)
FN:14,(anonymous_2)
FN:20,(anonymous_3)
FNF:4
FNH:0
FNDA:0,useHaptics
FNDA:0,(anonymous_1)
FNDA:0,(anonymous_2)
FNDA:0,(anonymous_3)
DA:8,0
DA:9,0
DA:10,0
DA:11,0
DA:14,0
DA:15,0
DA:16,0
DA:17,0
DA:20,0
DA:21,0
DA:22,0
DA:23,0
DA:26,0
LF:13
LH:0
BRDA:8,0,0,0
BRDA:9,1,0,0
BRDA:9,1,1,0
BRDA:14,2,0,0
BRDA:15,3,0,0
BRDA:15,3,1,0
BRDA:20,4,0,0
BRDA:21,5,0,0
BRDA:21,5,1,0
BRF:9
BRH:0
end_of_record
TN:
SF:src/hooks/useHistory.ts
FN:19,load
FN:28,save
FN:41,useHistory
FN:44,(anonymous_3)
FN:45,(anonymous_4)
FN:55,(anonymous_5)
FN:60,(anonymous_6)
FN:61,(anonymous_7)
FN:62,(anonymous_8)
FN:68,(anonymous_9)
FN:72,(anonymous_10)
FN:73,(anonymous_11)
FN:74,(anonymous_12)
FNF:13
FNH:0
FNDA:0,load
FNDA:0,save
FNDA:0,useHistory
FNDA:0,(anonymous_3)
FNDA:0,(anonymous_4)
FNDA:0,(anonymous_5)
FNDA:0,(anonymous_6)
FNDA:0,(anonymous_7)
FNDA:0,(anonymous_8)
FNDA:0,(anonymous_9)
FNDA:0,(anonymous_10)
FNDA:0,(anonymous_11)
FNDA:0,(anonymous_12)
DA:16,0
DA:17,0
DA:20,0
DA:21,0
DA:22,0
DA:24,0
DA:29,0
DA:30,0
DA:31,0
DA:34,0
DA:35,0
DA:36,0
DA:42,0
DA:44,0
DA:45,0
DA:46,0
DA:50,0
DA:51,0
DA:55,0
DA:56,0
DA:57,0
DA:60,0
DA:61,0
DA:62,0
DA:63,0
DA:64,0
DA:68,0
DA:69,0
DA:72,0
DA:73,0
DA:74,0
DA:75,0
DA:76,0
DA:77,0
DA:78,0
DA:79,0
DA:83,0
LF:37
LH:0
BRDA:22,0,0,0
BRDA:22,0,1,0
BRDA:47,1,0,0
BRDA:47,1,1,0
BRDA:51,2,0,0
BRDA:51,2,1,0
BRDA:74,3,0,0
BRDA:74,3,1,0
BRDA:75,4,0,0
BRDA:75,4,1,0
BRF:10
BRH:0
end_of_record
TN:
SF:src/hooks/useLyrics.ts
FN:21,parseLRC
FN:39,(anonymous_1)
FN:43,findCurrentLine
FN:60,useLyrics
FN:78,(anonymous_4)
FN:117,(anonymous_5)
FN:120,(anonymous_6)
FN:128,(anonymous_7)
FN:129,(anonymous_8)
FN:150,(anonymous_9)
FN:154,(anonymous_10)
FN:157,(anonymous_11)
FN:160,(anonymous_12)
FN:165,(anonymous_13)
FNF:14
FNH:0
FNDA:0,parseLRC
FNDA:0,(anonymous_1)
FNDA:0,findCurrentLine
FNDA:0,useLyrics
FNDA:0,(anonymous_4)
FNDA:0,(anonymous_5)
FNDA:0,(anonymous_6)
FNDA:0,(anonymous_7)
FNDA:0,(anonymous_8)
FNDA:0,(anonymous_9)
FNDA:0,(anonymous_10)
FNDA:0,(anonymous_11)
FNDA:0,(anonymous_12)
FNDA:0,(anonymous_13)
DA:18,0
DA:19,0
DA:22,0
DA:23,0
DA:24,0
DA:26,0
DA:27,0
DA:28,0
DA:29,0
DA:30,0
DA:31,0
DA:32,0
DA:33,0
DA:34,0
DA:35,0
DA:39,0
DA:40,0
DA:44,0
DA:45,0
DA:47,0
DA:48,0
DA:49,0
DA:50,0
DA:51,0
DA:52,0
DA:54,0
DA:57,0
DA:68,0
DA:76,0
DA:78,0
DA:79,0
DA:80,0
DA:81,0
DA:85,0
DA:86,0
DA:87,0
DA:95,0
DA:98,0
DA:99,0
DA:101,0
DA:102,0
DA:103,0
DA:111,0
DA:114,0
DA:115,0
DA:117,0
DA:119,0
DA:120,0
DA:122,0
DA:128,0
DA:130,0
DA:131,0
DA:133,0
DA:134,0
DA:135,0
DA:136,0
DA:137,0
DA:140,0
DA:141,0
DA:151,0
DA:152,0
DA:153,0
DA:154,0
DA:157,0
DA:160,0
DA:161,0
DA:163,0
DA:164,0
DA:165,0
DA:169,0
LF:70
LH:0
BRDA:28,0,0,0
BRDA:28,0,1,0
BRDA:32,1,0,0
BRDA:32,1,1,0
BRDA:34,2,0,0
BRDA:34,2,1,0
BRDA:44,3,0,0
BRDA:44,3,1,0
BRDA:45,4,0,0
BRDA:45,4,1,0
BRDA:51,5,0,0
BRDA:51,5,1,0
BRDA:79,6,0,0
BRDA:79,6,1,0
BRDA:79,7,0,0
BRDA:79,7,1,0
BRDA:85,8,0,0
BRDA:85,8,1,0
BRDA:86,9,0,0
BRDA:86,9,1,0
BRDA:101,10,0,0
BRDA:101,10,1,0
BRDA:102,11,0,0
BRDA:102,11,1,0
BRDA:125,12,0,0
BRDA:125,12,1,0
BRDA:125,13,0,0
BRDA:125,13,1,0
BRDA:131,14,0,0
BRDA:131,14,1,0
BRDA:131,15,0,0
BRDA:131,15,1,0
BRDA:133,16,0,0
BRDA:133,16,1,0
BRDA:133,17,0,0
BRDA:133,17,1,0
BRDA:135,18,0,0
BRDA:135,18,1,0
BRDA:137,19,0,0
BRDA:137,19,1,0
BRDA:140,20,0,0
BRDA:140,20,1,0
BRDA:152,21,0,0
BRDA:152,21,1,0
BRDA:152,22,0,0
BRDA:152,22,1,0
BRDA:153,23,0,0
BRDA:153,23,1,0
BRDA:161,24,0,0
BRDA:161,24,1,0
BRDA:161,25,0,0
BRDA:161,25,1,0
BRDA:164,26,0,0
BRDA:164,26,1,0
BRF:54
BRH:0
end_of_record
TN:
SF:src/hooks/useMaterialYou.ts
FN:21,hexToRgb
FN:26,rgbToHex
FN:27,(anonymous_2)
FN:30,blend
FN:42,useMaterialYou
FN:45,(anonymous_5)
FN:69,(anonymous_6)
FN:71,(anonymous_7)
FNF:8
FNH:0
FNDA:0,hexToRgb
FNDA:0,rgbToHex
FNDA:0,(anonymous_2)
FNDA:0,blend
FNDA:0,useMaterialYou
FNDA:0,(anonymous_5)
FNDA:0,(anonymous_6)
FNDA:0,(anonymous_7)
DA:22,0
DA:23,0
DA:27,0
DA:31,0
DA:32,0
DA:33,0
DA:40,0
DA:43,0
DA:45,0
DA:46,0
DA:47,0
DA:48,0
DA:49,0
DA:51,0
DA:69,0
DA:70,0
DA:71,0
DA:72,0
DA:76,0
LF:19
LH:0
BRDA:46,0,0,0
BRDA:46,0,1,0
BRDA:47,1,0,0
BRDA:47,1,1,0
BRDA:48,2,0,0
BRDA:48,2,1,0
BRDA:49,3,0,0
BRDA:49,3,1,0
BRDA:55,4,0,0
BRDA:55,4,1,0
BRDA:58,5,0,0
BRDA:58,5,1,0
BRDA:59,6,0,0
BRDA:59,6,1,0
BRDA:61,7,0,0
BRDA:61,7,1,0
BRDA:62,8,0,0
BRDA:62,8,1,0
BRDA:63,9,0,0
BRDA:63,9,1,0
BRF:20
BRH:0
end_of_record
TN:
SF:src/hooks/useOnlineStatus.ts
FN:3,useOnlineStatus
FN:6,(anonymous_1)
FN:7,(anonymous_2)
FN:10,(anonymous_3)
FNF:4
FNH:0
FNDA:0,useOnlineStatus
FNDA:0,(anonymous_1)
FNDA:0,(anonymous_2)
FNDA:0,(anonymous_3)
DA:4,0
DA:6,0
DA:7,0
DA:8,0
DA:9,0
DA:10,0
DA:11,0
DA:12,0
DA:16,0
LF:9
LH:0
BRF:0
BRH:0
end_of_record
TN:
SF:src/hooks/usePlayer.tsx
FN:31,usePlayer
FN:37,PlayerProvider
FN:45,(anonymous_2)
FN:54,(anonymous_3)
FN:58,(anonymous_4)
FN:62,(anonymous_5)
FN:66,(anonymous_6)
FN:71,(anonymous_7)
FN:75,(anonymous_8)
FN:79,(anonymous_9)
FN:91,(anonymous_10)
FN:101,(anonymous_11)
FN:112,(anonymous_12)
FN:119,(anonymous_13)
FN:192,(anonymous_14)
FN:194,(anonymous_15)
FN:199,(anonymous_16)
FN:206,(anonymous_17)
FN:207,(anonymous_18)
FN:207,(anonymous_19)
FN:210,(anonymous_20)
FN:217,(anonymous_21)
FN:229,(anonymous_22)
FN:236,(anonymous_23)
FN:242,(anonymous_24)
FNF:25
FNH:0
FNDA:0,usePlayer
FNDA:0,PlayerProvider
FNDA:0,(anonymous_2)
FNDA:0,(anonymous_3)
FNDA:0,(anonymous_4)
FNDA:0,(anonymous_5)
FNDA:0,(anonymous_6)
FNDA:0,(anonymous_7)
FNDA:0,(anonymous_8)
FNDA:0,(anonymous_9)
FNDA:0,(anonymous_10)
FNDA:0,(anonymous_11)
FNDA:0,(anonymous_12)
FNDA:0,(anonymous_13)
FNDA:0,(anonymous_14)
FNDA:0,(anonymous_15)
FNDA:0,(anonymous_16)
FNDA:0,(anonymous_17)
FNDA:0,(anonymous_18)
FNDA:0,(anonymous_19)
FNDA:0,(anonymous_20)
FNDA:0,(anonymous_21)
FNDA:0,(anonymous_22)
FNDA:0,(anonymous_23)
FNDA:0,(anonymous_24)
DA:29,0
DA:32,0
DA:33,0
DA:34,0
DA:38,0
DA:39,0
DA:40,0
DA:41,0
DA:42,0
DA:43,0
DA:44,0
DA:45,0
DA:46,0
DA:47,0
DA:50,0
DA:51,0
DA:52,0
DA:54,0
DA:55,0
DA:58,0
DA:59,0
DA:62,0
DA:63,0
DA:66,0
DA:67,0
DA:68,0
DA:69,0
DA:71,0
DA:72,0
DA:75,0
DA:76,0
DA:79,0
DA:80,0
DA:81,0
DA:82,0
DA:83,0
DA:85,0
DA:86,0
DA:87,0
DA:91,0
DA:92,0
DA:93,0
DA:96,0
DA:97,0
DA:98,0
DA:99,0
DA:101,0
DA:102,0
DA:103,0
DA:104,0
DA:105,0
DA:106,0
DA:107,0
DA:108,0
DA:112,0
DA:113,0
DA:114,0
DA:116,0
DA:119,0
DA:120,0
DA:121,0
DA:122,0
DA:124,0
DA:125,0
DA:126,0
DA:128,0
DA:129,0
DA:130,0
DA:131,0
DA:132,0
DA:133,0
DA:135,0
DA:138,0
DA:141,0
DA:142,0
DA:144,0
DA:145,0
DA:146,0
DA:147,0
DA:149,0
DA:150,0
DA:153,0
DA:154,0
DA:155,0
DA:156,0
DA:157,0
DA:158,0
DA:159,0
DA:160,0
DA:164,0
DA:168,0
DA:169,0
DA:170,0
DA:173,0
DA:174,0
DA:175,0
DA:176,0
DA:177,0
DA:184,0
DA:185,0
DA:186,0
DA:188,0
DA:192,0
DA:193,0
DA:194,0
DA:195,0
DA:196,0
DA:199,0
DA:200,0
DA:201,0
DA:202,0
DA:203,0
DA:206,0
DA:207,0
DA:210,0
DA:211,0
DA:212,0
DA:213,0
DA:217,0
DA:218,0
DA:219,0
DA:220,0
DA:221,0
DA:223,0
DA:224,0
DA:225,0
DA:229,0
DA:230,0
DA:231,0
DA:232,0
DA:236,0
DA:237,0
DA:240,0
DA:242,0
DA:243,0
DA:244,0
DA:245,0
DA:246,0
DA:247,0
DA:251,0
LF:140
LH:0
BRDA:33,0,0,0
BRDA:33,0,1,0
BRDA:47,1,0,0
BRDA:47,1,1,0
BRDA:72,2,0,0
BRDA:72,2,1,0
BRDA:82,3,0,0
BRDA:82,3,1,0
BRDA:113,4,0,0
BRDA:113,4,1,0
BRDA:122,5,0,0
BRDA:122,5,1,0
BRDA:128,6,0,0
BRDA:128,6,1,0
BRDA:129,7,0,0
BRDA:129,7,1,0
BRDA:129,8,0,0
BRDA:129,8,1,0
BRDA:130,9,0,0
BRDA:130,9,1,0
BRDA:144,10,0,0
BRDA:144,10,1,0
BRDA:146,11,0,0
BRDA:146,11,1,0
BRDA:149,12,0,0
BRDA:149,12,1,0
BRDA:153,13,0,0
BRDA:153,13,1,0
BRDA:153,14,0,0
BRDA:153,14,1,0
BRDA:155,15,0,0
BRDA:155,15,1,0
BRDA:156,16,0,0
BRDA:156,16,1,0
BRDA:158,17,0,0
BRDA:158,17,1,0
BRDA:168,18,0,0
BRDA:168,18,1,0
BRDA:176,19,0,0
BRDA:176,19,1,0
BRDA:181,20,0,0
BRDA:181,20,1,0
BRDA:193,21,0,0
BRDA:193,21,1,0
BRDA:195,22,0,0
BRDA:195,22,1,0
BRDA:212,23,0,0
BRDA:212,23,1,0
BRDA:219,24,0,0
BRDA:219,24,1,0
BRDA:219,25,0,0
BRDA:219,25,1,0
BRDA:224,26,0,0
BRDA:224,26,1,0
BRDA:230,27,0,0
BRDA:230,27,1,0
BRDA:243,28,0,0
BRDA:243,28,1,0
BRF:58
BRH:0
end_of_record
TN:
SF:src/hooks/usePlaylists.ts
FN:13,load
FN:22,save
FN:28,usePlaylists
FN:31,(anonymous_3)
FN:39,(anonymous_4)
FN:47,(anonymous_5)
FN:48,(anonymous_6)
FN:49,(anonymous_7)
FN:55,(anonymous_8)
FN:56,(anonymous_9)
FN:57,(anonymous_10)
FN:67,(anonymous_11)
FN:68,(anonymous_12)
FN:69,(anonymous_13)
FN:71,(anonymous_14)
FN:78,(anonymous_15)
FN:79,(anonymous_16)
FN:80,(anonymous_17)
FN:86,(anonymous_18)
FNF:19
FNH:0
FNDA:0,load
FNDA:0,save
FNDA:0,usePlaylists
FNDA:0,(anonymous_3)
FNDA:0,(anonymous_4)
FNDA:0,(anonymous_5)
FNDA:0,(anonymous_6)
FNDA:0,(anonymous_7)
FNDA:0,(anonymous_8)
FNDA:0,(anonymous_9)
FNDA:0,(anonymous_10)
FNDA:0,(anonymous_11)
FNDA:0,(anonymous_12)
FNDA:0,(anonymous_13)
FNDA:0,(anonymous_14)
FNDA:0,(anonymous_15)
FNDA:0,(anonymous_16)
FNDA:0,(anonymous_17)
FNDA:0,(anonymous_18)
DA:11,0
DA:14,0
DA:15,0
DA:16,0
DA:18,0
DA:23,0
DA:24,0
DA:29,0
DA:31,0
DA:32,0
DA:39,0
DA:40,0
DA:41,0
DA:42,0
DA:44,0
DA:47,0
DA:48,0
DA:49,0
DA:50,0
DA:51,0
DA:55,0
DA:56,0
DA:57,0
DA:58,0
DA:59,0
DA:60,0
DA:62,0
DA:63,0
DA:67,0
DA:68,0
DA:69,0
DA:70,0
DA:71,0
DA:73,0
DA:74,0
DA:78,0
DA:79,0
DA:80,0
DA:81,0
DA:82,0
DA:86,0
DA:87,0
DA:90,0
LF:43
LH:0
BRDA:16,0,0,0
BRDA:16,0,1,0
BRDA:58,1,0,0
BRDA:58,1,1,0
BRDA:59,2,0,0
BRDA:59,2,1,0
BRDA:70,3,0,0
BRDA:70,3,1,0
BRDA:80,4,0,0
BRDA:80,4,1,0
BRF:10
BRH:0
end_of_record
TN:
SF:src/hooks/useShareTarget.ts
FN:6,useShareTarget
FN:9,(anonymous_1)
FN:14,(anonymous_2)
FN:24,(anonymous_3)
FN:28,(anonymous_4)
FN:30,(anonymous_5)
FNF:6
FNH:0
FNDA:0,useShareTarget
FNDA:0,(anonymous_1)
FNDA:0,(anonymous_2)
FNDA:0,(anonymous_3)
FNDA:0,(anonymous_4)
FNDA:0,(anonymous_5)
DA:7,0
DA:9,0
DA:10,0
DA:12,0
DA:14,0
DA:15,0
DA:16,0
DA:17,0
DA:18,0
DA:24,0
DA:25,0
DA:26,0
DA:28,0
DA:30,0
LF:14
LH:0
BRDA:10,0,0,0
BRDA:10,0,1,0
BRDA:15,1,0,0
BRDA:15,1,1,0
BRDA:15,1,2,0
BRDA:17,2,0,0
BRDA:17,2,1,0
BRDA:25,3,0,0
BRDA:25,3,1,0
BRF:9
BRH:0
end_of_record
TN:
SF:src/hooks/useTheme.ts
FN:3,getSnapshot
FN:7,subscribe
FN:10,(anonymous_2)
FN:13,useTheme
FN:16,(anonymous_4)
FN:22,(anonymous_5)
FNF:6
FNH:0
FNDA:0,getSnapshot
FNDA:0,subscribe
FNDA:0,(anonymous_2)
FNDA:0,useTheme
FNDA:0,(anonymous_4)
FNDA:0,(anonymous_5)
DA:4,0
DA:8,0
DA:9,0
DA:10,0
DA:14,0
DA:16,0
DA:17,0
DA:18,0
DA:19,0
DA:22,0
DA:23,0
DA:24,0
DA:27,0
LF:13
LH:0
BRDA:19,0,0,0
BRDA:19,0,1,0
BRDA:24,1,0,0
BRDA:24,1,1,0
BRF:4
BRH:0
end_of_record
TN:
SF:src/lib/api.ts
FN:17,nativeAvailable
FN:20,(anonymous_1)
FN:27,(anonymous_2)
FN:39,parseSpotifyUrl
FN:53,isDirectUrl
FN:54,(anonymous_5)
FN:57,checkAuthStatus
FN:61,fetchSpotifyViaScraper
FN:62,(anonymous_8)
FN:70,(anonymous_9)
FN:77,fetchMetadata
FN:94,(anonymous_11)
FN:133,fetchLyricsForTrack
FN:156,(anonymous_13)
FN:163,delay
FN:164,(anonymous_15)
FN:169,isServerAvailable
FN:183,downloadTrack
FN:189,(anonymous_18)
FN:196,(anonymous_19)
FN:264,(anonymous_20)
FNF:21
FNH:3
FNDA:0,nativeAvailable
FNDA:0,(anonymous_1)
FNDA:0,(anonymous_2)
FNDA:4,parseSpotifyUrl
FNDA:5,isDirectUrl
FNDA:10,(anonymous_5)
FNDA:0,checkAuthStatus
FNDA:0,fetchSpotifyViaScraper
FNDA:0,(anonymous_8)
FNDA:0,(anonymous_9)
FNDA:0,fetchMetadata
FNDA:0,(anonymous_11)
FNDA:0,fetchLyricsForTrack
FNDA:0,(anonymous_13)
FNDA:0,delay
FNDA:0,(anonymous_15)
FNDA:0,isServerAvailable
FNDA:0,downloadTrack
FNDA:0,(anonymous_18)
FNDA:0,(anonymous_19)
FNDA:0,(anonymous_20)
DA:13,1
DA:14,1
DA:15,1
DA:18,0
DA:19,0
DA:20,0
DA:22,0
DA:23,0
DA:24,0
DA:26,0
DA:27,0
DA:28,0
DA:30,0
DA:33,1
DA:40,4
DA:41,9
DA:42,9
DA:44,1
DA:47,1
DA:54,10
DA:58,0
DA:62,0
DA:63,0
DA:69,0
DA:70,0
DA:71,0
DA:73,0
DA:78,0
DA:80,0
DA:81,0
DA:82,0
DA:83,0
DA:84,0
DA:85,0
DA:87,0
DA:88,0
DA:89,0
DA:90,0
DA:94,0
DA:109,0
DA:110,0
DA:113,0
DA:114,0
DA:115,0
DA:125,0
DA:139,0
DA:140,0
DA:141,0
DA:143,0
DA:144,0
DA:150,0
DA:151,0
DA:152,0
DA:156,0
DA:157,0
DA:159,0
DA:164,0
DA:167,1
DA:170,0
DA:171,0
DA:172,0
DA:173,0
DA:174,0
DA:175,0
DA:176,0
DA:178,0
DA:179,0
DA:189,0
DA:190,0
DA:193,0
DA:194,0
DA:195,0
DA:196,0
DA:197,0
DA:199,0
DA:200,0
DA:201,0
DA:209,0
DA:210,0
DA:211,0
DA:212,0
DA:224,0
DA:225,0
DA:226,0
DA:227,0
DA:228,0
DA:232,0
DA:237,0
DA:238,0
DA:239,0
DA:240,0
DA:241,0
DA:242,0
DA:244,0
DA:245,0
DA:246,0
DA:248,0
DA:250,0
DA:251,0
DA:254,0
DA:255,0
DA:257,0
DA:265,0
DA:269,0
DA:271,0
DA:272,0
DA:273,0
DA:277,0
LF:108
LH:11
BRDA:18,0,0,0
BRDA:18,0,1,0
BRDA:19,1,0,0
BRDA:19,1,1,0
BRDA:42,2,0,3
BRDA:42,2,1,6
BRDA:69,3,0,0
BRDA:69,3,1,0
BRDA:71,4,0,0
BRDA:71,4,1,0
BRDA:80,5,0,0
BRDA:80,5,1,0
BRDA:80,6,0,0
BRDA:80,6,1,0
BRDA:83,7,0,0
BRDA:83,7,1,0
BRDA:87,8,0,0
BRDA:87,8,1,0
BRDA:89,9,0,0
BRDA:89,9,1,0
BRDA:109,10,0,0
BRDA:109,10,1,0
BRDA:113,11,0,0
BRDA:113,11,1,0
BRDA:141,12,0,0
BRDA:141,12,1,0
BRDA:147,13,0,0
BRDA:147,13,1,0
BRDA:147,14,0,0
BRDA:147,14,1,0
BRDA:150,15,0,0
BRDA:150,15,1,0
BRDA:153,16,0,0
BRDA:153,16,1,0
BRDA:154,17,0,0
BRDA:154,17,1,0
BRDA:170,18,0,0
BRDA:170,18,1,0
BRDA:173,19,0,0
BRDA:173,19,1,0
BRDA:173,20,0,0
BRDA:173,20,1,0
BRDA:174,21,0,0
BRDA:174,21,1,0
BRDA:187,22,0,0
BRDA:193,23,0,0
BRDA:193,23,1,0
BRDA:193,24,0,0
BRDA:193,24,1,0
BRDA:200,25,0,0
BRDA:200,25,1,0
BRDA:209,26,0,0
BRDA:209,26,1,0
BRDA:224,27,0,0
BRDA:224,27,1,0
BRDA:226,28,0,0
BRDA:226,28,1,0
BRDA:240,29,0,0
BRDA:240,29,1,0
BRDA:250,30,0,0
BRDA:250,30,1,0
BRDA:271,31,0,0
BRDA:271,31,1,0
BRDA:272,32,0,0
BRDA:272,32,1,0
BRDA:277,33,0,0
BRDA:277,33,1,0
BRF:67
BRH:2
end_of_record
TN:
SF:src/lib/apiConfig.ts
FN:3,getApiBase
FN:17,apiUrl
FNF:2
FNH:2
FNDA:3,getApiBase
FNDA:1,apiUrl
DA:4,3
DA:5,3
DA:7,3
DA:8,3
DA:10,2
DA:11,0
DA:14,2
DA:18,1
DA:19,1
LF:9
LH:8
BRDA:5,0,0,0
BRDA:5,0,1,3
BRDA:8,1,0,1
BRDA:8,1,1,2
BRDA:10,2,0,0
BRDA:10,2,1,2
BRDA:10,3,0,2
BRDA:10,3,1,2
BRF:8
BRH:6
end_of_record
TN:
SF:src/lib/audioProcessor.ts
FN:12,getFFmpeg
FN:15,(anonymous_1)
FN:24,convertToMp3
FN:27,(anonymous_3)
FN:64,writeId3Tags
FN:104,downloadAudio
FNF:6
FNH:5
FNDA:5,getFFmpeg
FNDA:1,(anonymous_1)
FNDA:5,convertToMp3
FNDA:0,(anonymous_3)
FNDA:4,writeId3Tags
FNDA:3,downloadAudio
DA:9,2
DA:10,2
DA:13,5
DA:14,1
DA:15,1
DA:16,1
DA:17,1
DA:20,1
DA:21,1
DA:25,5
DA:27,5
DA:28,0
DA:31,5
DA:32,1
DA:35,5
DA:36,5
DA:38,5
DA:39,5
DA:42,4
DA:44,5
DA:52,5
DA:53,5
DA:55,5
DA:56,1
DA:59,5
DA:60,5
DA:73,4
DA:75,4
DA:76,4
DA:77,4
DA:78,4
DA:79,4
DA:84,4
DA:85,1
DA:86,1
DA:87,1
DA:88,1
DA:89,1
DA:100,3
DA:101,3
DA:115,3
DA:116,3
DA:117,2
DA:118,3
DA:119,3
DA:120,1
DA:122,1
DA:123,1
LF:48
LH:47
BRDA:13,0,0,4
BRDA:13,0,1,1
BRDA:14,1,0,1
BRDA:14,1,1,0
BRDA:31,2,0,1
BRDA:31,2,1,4
BRDA:39,3,0,1
BRDA:39,3,1,4
BRDA:55,4,0,1
BRDA:55,4,1,4
BRDA:84,5,0,1
BRDA:84,5,1,3
BRDA:87,6,0,1
BRDA:87,6,1,0
BRF:14
BRH:12
end_of_record
TN:
SF:src/lib/blobCache.ts
FN:9,isBlobPath
FN:13,getBlobId
FN:17,evictMemory
FN:19,(anonymous_3)
FN:28,storeBlob
FN:35,(anonymous_5)
FN:40,getBlobUrl
FN:52,getBlobFromCache
FNF:8
FNH:0
FNDA:0,isBlobPath
FNDA:0,getBlobId
FNDA:0,evictMemory
FNDA:0,(anonymous_3)
FNDA:0,storeBlob
FNDA:0,(anonymous_5)
FNDA:0,getBlobUrl
FNDA:0,getBlobFromCache
DA:3,0
DA:4,0
DA:5,0
DA:7,0
DA:10,0
DA:14,0
DA:18,0
DA:19,0
DA:20,0
DA:21,0
DA:22,0
DA:23,0
DA:24,0
DA:29,0
DA:30,0
DA:31,0
DA:32,0
DA:33,0
DA:35,0
DA:37,0
DA:41,0
DA:42,0
DA:43,0
DA:44,0
DA:45,0
DA:46,0
DA:47,0
DA:49,0
DA:53,0
DA:54,0
DA:55,0
DA:56,0
DA:57,0
LF:33
LH:0
BRDA:18,0,0,0
BRDA:18,0,1,0
BRDA:23,1,0,0
BRDA:23,1,1,0
BRDA:30,2,0,0
BRDA:30,2,1,0
BRDA:41,3,0,0
BRDA:41,3,1,0
BRDA:44,4,0,0
BRDA:44,4,1,0
BRDA:44,5,0,0
BRDA:44,5,1,0
BRDA:45,6,0,0
BRDA:45,6,1,0
BRDA:53,7,0,0
BRDA:53,7,1,0
BRDA:56,8,0,0
BRDA:56,8,1,0
BRDA:56,9,0,0
BRDA:56,9,1,0
BRF:20
BRH:0
end_of_record
TN:
SF:src/lib/capacitorBridge.ts
FN:4,isNative
FN:13,downloadFile
FN:38,(anonymous_2)
FN:42,blobToBase64
FN:43,(anonymous_4)
FN:45,(anonymous_5)
FN:60,getAudioSrc
FN:75,fileExists
FN:88,readAudioFile
FN:92,saveOrCacheBlob
FNF:10
FNH:0
FNDA:0,isNative
FNDA:0,downloadFile
FNDA:0,(anonymous_2)
FNDA:0,blobToBase64
FNDA:0,(anonymous_4)
FNDA:0,(anonymous_5)
FNDA:0,getAudioSrc
FNDA:0,fileExists
FNDA:0,readAudioFile
FNDA:0,saveOrCacheBlob
DA:5,0
DA:14,0
DA:15,0
DA:16,0
DA:17,0
DA:18,0
DA:24,0
DA:26,0
DA:27,0
DA:31,0
DA:32,0
DA:33,0
DA:34,0
DA:35,0
DA:36,0
DA:37,0
DA:38,0
DA:39,0
DA:43,0
DA:44,0
DA:45,0
DA:46,0
DA:47,0
DA:49,0
DA:50,0
DA:61,0
DA:62,0
DA:63,0
DA:64,0
DA:65,0
DA:67,0
DA:76,0
DA:77,0
DA:78,0
DA:79,0
DA:80,0
DA:81,0
DA:83,0
DA:89,0
DA:93,0
DA:94,0
DA:95,0
DA:97,0
LF:43
LH:0
BRDA:14,0,0,0
BRDA:14,0,1,0
BRDA:62,1,0,0
BRDA:62,1,1,0
BRDA:63,2,0,0
BRDA:63,2,1,0
BRDA:76,3,0,0
BRDA:76,3,1,0
BRDA:77,4,0,0
BRDA:77,4,1,0
BRDA:94,5,0,0
BRDA:94,5,1,0
BRF:12
BRH:0
end_of_record
TN:
SF:src/lib/checkUpdate.ts
FN:12,checkForUpdates
FNF:1
FNH:1
FNDA:3,checkForUpdates
DA:13,3
DA:14,3
DA:18,2
DA:19,1
DA:29,1
DA:30,1
DA:31,3
DA:32,3
DA:34,3
DA:43,1
LF:10
LH:10
BRDA:18,0,0,1
BRDA:18,0,1,1
BRDA:24,1,0,1
BRDA:24,1,1,0
BRDA:30,2,0,1
BRDA:30,2,1,0
BRDA:32,3,0,3
BRDA:32,3,1,0
BRDA:48,4,0,0
BRDA:48,4,1,1
BRDA:48,5,0,1
BRDA:48,5,1,0
BRF:12
BRH:7
end_of_record
TN:
SF:src/lib/concurrency.ts
FN:1,mapConcurrent
FN:12,worker
FN:15,(anonymous_2)
FNF:3
FNH:0
FNDA:0,mapConcurrent
FNDA:0,worker
FNDA:0,(anonymous_2)
DA:7,0
DA:8,0
DA:9,0
DA:10,0
DA:13,0
DA:14,0
DA:15,0
DA:16,0
DA:19,0
DA:20,0
DA:22,0
DA:23,0
DA:24,0
DA:26,0
DA:27,0
DA:29,0
DA:30,0
DA:32,0
DA:37,0
DA:38,0
DA:39,0
LF:21
LH:0
BRDA:4,0,0,0
BRDA:14,1,0,0
BRDA:14,1,1,0
BRDA:29,2,0,0
BRDA:29,2,1,0
BRF:5
BRH:0
end_of_record
TN:
SF:src/lib/dbCache.ts
FN:12,openDB
FN:13,(anonymous_1)
FN:15,(anonymous_2)
FN:24,(anonymous_3)
FN:25,(anonymous_4)
FN:29,getStore
FN:36,getCache
FN:39,(anonymous_7)
FN:41,(anonymous_8)
FN:50,(anonymous_9)
FN:51,(anonymous_10)
FN:58,setCache
FN:63,(anonymous_12)
FN:64,(anonymous_13)
FN:65,(anonymous_14)
FN:72,removeCache
FN:76,(anonymous_16)
FN:77,(anonymous_17)
FN:78,(anonymous_18)
FN:83,clearExpired
FN:91,(anonymous_20)
FN:94,(anonymous_21)
FN:102,(anonymous_22)
FN:103,(anonymous_23)
FN:110,getCacheSize
FN:115,(anonymous_25)
FN:117,(anonymous_26)
FN:118,(anonymous_27)
FN:129,cacheMetadata
FN:133,getCachedMetadata
FN:137,cacheArtwork
FN:141,getCachedArtwork
FN:145,cacheBlob
FN:153,getCachedBlob
FNF:34
FNH:0
FNDA:0,openDB
FNDA:0,(anonymous_1)
FNDA:0,(anonymous_2)
FNDA:0,(anonymous_3)
FNDA:0,(anonymous_4)
FNDA:0,getStore
FNDA:0,getCache
FNDA:0,(anonymous_7)
FNDA:0,(anonymous_8)
FNDA:0,(anonymous_9)
FNDA:0,(anonymous_10)
FNDA:0,setCache
FNDA:0,(anonymous_12)
FNDA:0,(anonymous_13)
FNDA:0,(anonymous_14)
FNDA:0,removeCache
FNDA:0,(anonymous_16)
FNDA:0,(anonymous_17)
FNDA:0,(anonymous_18)
FNDA:0,clearExpired
FNDA:0,(anonymous_20)
FNDA:0,(anonymous_21)
FNDA:0,(anonymous_22)
FNDA:0,(anonymous_23)
FNDA:0,getCacheSize
FNDA:0,(anonymous_25)
FNDA:0,(anonymous_26)
FNDA:0,(anonymous_27)
FNDA:0,cacheMetadata
FNDA:0,getCachedMetadata
FNDA:0,cacheArtwork
FNDA:0,getCachedArtwork
FNDA:0,cacheBlob
FNDA:0,getCachedBlob
DA:1,1
DA:2,1
DA:13,0
DA:14,0
DA:15,0
DA:16,0
DA:17,0
DA:18,0
DA:19,0
DA:20,0
DA:24,0
DA:25,0
DA:30,0
DA:31,0
DA:32,0
DA:33,0
DA:37,0
DA:38,0
DA:39,0
DA:40,0
DA:41,0
DA:42,0
DA:43,0
DA:44,0
DA:45,0
DA:46,0
DA:48,0
DA:50,0
DA:51,0
DA:54,0
DA:59,0
DA:60,0
DA:61,0
DA:62,0
DA:63,0
DA:64,0
DA:65,0
DA:73,0
DA:74,0
DA:75,0
DA:76,0
DA:77,0
DA:78,0
DA:84,0
DA:85,0
DA:86,0
DA:87,0
DA:88,0
DA:89,0
DA:90,0
DA:91,0
DA:92,0
DA:93,0
DA:94,0
DA:95,0
DA:96,0
DA:97,0
DA:98,0
DA:99,0
DA:102,0
DA:103,0
DA:106,0
DA:111,0
DA:112,0
DA:113,0
DA:114,0
DA:115,0
DA:116,0
DA:117,0
DA:118,0
DA:121,0
DA:125,1
DA:126,1
DA:127,1
DA:130,0
DA:134,0
DA:138,0
DA:142,0
DA:146,0
DA:147,0
DA:148,0
DA:150,0
DA:154,0
LF:83
LH:5
BRDA:18,0,0,0
BRDA:18,0,1,0
BRDA:29,1,0,0
BRDA:36,2,0,0
BRDA:36,3,0,0
BRDA:43,4,0,0
BRDA:43,4,1,0
BRDA:44,5,0,0
BRDA:44,5,1,0
BRDA:44,6,0,0
BRDA:44,6,1,0
BRDA:58,7,0,0
BRDA:58,8,0,0
BRDA:72,9,0,0
BRDA:83,10,0,0
BRDA:83,11,0,0
BRDA:96,12,0,0
BRDA:96,12,1,0
BRDA:110,13,0,0
BRDA:147,14,0,0
BRDA:147,14,1,0
BRF:21
BRH:0
end_of_record
TN:
SF:src/lib/imageOptimizer.ts
FN:1,optimizeImageUrl
FN:34,preloadImage
FNF:2
FNH:0
FNDA:0,optimizeImageUrl
FNDA:0,preloadImage
DA:5,0
DA:7,0
DA:8,0
DA:11,0
DA:12,0
DA:13,0
DA:14,0
DA:16,0
DA:20,0
DA:22,0
DA:23,0
DA:24,0
DA:31,0
DA:35,0
DA:36,0
DA:37,0
DA:38,0
DA:39,0
LF:18
LH:0
BRDA:3,0,0,0
BRDA:5,1,0,0
BRDA:5,1,1,0
BRDA:11,2,0,0
BRDA:11,2,1,0
BRDA:11,3,0,0
BRDA:11,3,1,0
BRDA:20,4,0,0
BRDA:20,4,1,0
BRDA:23,5,0,0
BRDA:23,5,1,0
BRDA:23,6,0,0
BRDA:23,6,1,0
BRF:13
BRH:0
end_of_record
TN:
SF:src/lib/lyricsSettings.ts
FN:3,getDownloadLyrics
FN:7,setDownloadLyrics
FNF:2
FNH:0
FNDA:0,getDownloadLyrics
FNDA:0,setDownloadLyrics
DA:1,0
DA:4,0
DA:8,0
LF:3
LH:0
BRF:0
BRH:0
end_of_record
TN:
SF:src/lib/nativePlugin.ts
FN:22,isNativeSpotDLAvailable
FN:32,initNativePlugin
FN:42,startDownloadForeground
FN:51,updateDownloadForeground
FN:60,stopDownloadForeground
FN:69,startMediaForeground
FN:78,updateMediaForeground
FN:87,stopMediaForeground
FN:96,post
FN:103,(anonymous_9)
FN:109,nativeFetchMetadata
FN:113,(anonymous_11)
FN:122,nativeDownloadTrack
FN:134,checkServerHealth
FNF:14
FNH:0
FNDA:0,isNativeSpotDLAvailable
FNDA:0,initNativePlugin
FNDA:0,startDownloadForeground
FNDA:0,updateDownloadForeground
FNDA:0,stopDownloadForeground
FNDA:0,startMediaForeground
FNDA:0,updateMediaForeground
FNDA:0,stopMediaForeground
FNDA:0,post
FNDA:0,(anonymous_9)
FNDA:0,nativeFetchMetadata
FNDA:0,(anonymous_11)
FNDA:0,nativeDownloadTrack
FNDA:0,checkServerHealth
DA:19,1
DA:20,1
DA:23,0
DA:24,0
DA:25,0
DA:26,0
DA:28,0
DA:33,0
DA:34,0
DA:35,0
DA:36,0
DA:38,0
DA:43,0
DA:44,0
DA:45,0
DA:47,0
DA:52,0
DA:53,0
DA:54,0
DA:56,0
DA:61,0
DA:62,0
DA:63,0
DA:65,0
DA:70,0
DA:71,0
DA:72,0
DA:74,0
DA:79,0
DA:80,0
DA:81,0
DA:83,0
DA:88,0
DA:89,0
DA:90,0
DA:92,0
DA:97,0
DA:102,0
DA:103,0
DA:104,0
DA:106,0
DA:112,0
DA:113,0
DA:126,0
DA:127,0
DA:128,0
DA:129,0
DA:130,0
DA:131,0
DA:135,0
DA:136,0
DA:137,0
DA:139,0
LF:53
LH:2
BRDA:24,0,0,0
BRDA:24,0,1,0
BRDA:34,1,0,0
BRDA:34,1,1,0
BRDA:42,2,0,0
BRDA:42,3,0,0
BRDA:43,4,0,0
BRDA:43,4,1,0
BRDA:52,5,0,0
BRDA:52,5,1,0
BRDA:61,6,0,0
BRDA:61,6,1,0
BRDA:69,7,0,0
BRDA:69,8,0,0
BRDA:70,9,0,0
BRDA:70,9,1,0
BRDA:79,10,0,0
BRDA:79,10,1,0
BRDA:88,11,0,0
BRDA:88,11,1,0
BRDA:102,12,0,0
BRDA:102,12,1,0
BRDA:104,13,0,0
BRDA:104,13,1,0
BRDA:128,14,0,0
BRDA:128,14,1,0
BRDA:129,15,0,0
BRDA:129,15,1,0
BRDA:130,16,0,0
BRDA:130,16,1,0
BRF:30
BRH:0
end_of_record
TN:
SF:src/lib/notifications.ts
FN:25,getLN
FN:36,ensureNotificationPermission
FN:41,sendDownloadCompleteNotification
FN:67,sendDownloadErrorNotification
FN:93,sendBatchCompleteNotification
FN:121,sendBackgroundPlaybackNotification
FN:147,cancelBackgroundPlaybackNotification
FNF:7
FNH:7
FNDA:10,getLN
FNDA:12,ensureNotificationPermission
FNDA:4,sendDownloadCompleteNotification
FNDA:2,sendDownloadErrorNotification
FNDA:2,sendBatchCompleteNotification
FNDA:2,sendBackgroundPlaybackNotification
FNDA:3,cancelBackgroundPlaybackNotification
DA:23,1
DA:26,10
DA:27,1
DA:28,1
DA:29,1
DA:30,1
DA:32,0
DA:37,12
DA:38,11
DA:46,4
DA:47,3
DA:48,3
DA:49,2
DA:50,2
DA:51,2
DA:52,2
DA:63,1
DA:72,2
DA:73,2
DA:74,2
DA:75,2
DA:76,2
DA:77,2
DA:78,2
DA:89,0
DA:97,2
DA:98,2
DA:99,2
DA:100,2
DA:101,2
DA:102,2
DA:103,2
DA:106,2
DA:117,0
DA:126,2
DA:127,2
DA:128,2
DA:129,2
DA:130,2
DA:131,2
DA:132,2
DA:148,3
DA:149,2
DA:150,2
DA:151,2
DA:152,2
LF:46
LH:43
BRDA:26,0,0,9
BRDA:26,0,1,1
BRDA:37,1,0,1
BRDA:37,1,1,11
BRDA:46,2,0,1
BRDA:46,2,1,3
BRDA:48,3,0,1
BRDA:48,3,1,2
BRDA:50,4,0,0
BRDA:50,4,1,2
BRDA:72,5,0,0
BRDA:72,5,1,2
BRDA:74,6,0,0
BRDA:74,6,1,2
BRDA:76,7,0,0
BRDA:76,7,1,2
BRDA:82,8,0,1
BRDA:82,8,1,1
BRDA:97,9,0,0
BRDA:97,9,1,2
BRDA:99,10,0,0
BRDA:99,10,1,2
BRDA:101,11,0,0
BRDA:101,11,1,2
BRDA:103,12,0,1
BRDA:103,12,1,1
BRDA:126,13,0,0
BRDA:126,13,1,2
BRDA:128,14,0,0
BRDA:128,14,1,2
BRDA:130,15,0,0
BRDA:130,15,1,2
BRDA:148,16,0,1
BRDA:148,16,1,2
BRDA:150,17,0,0
BRDA:150,17,1,2
BRF:36
BRH:25
end_of_record
TN:
SF:src/lib/permissions.ts
FN:29,requestPermission
FN:49,checkPermission
FN:69,isNative
FN:73,requiresRuntimePermission
FN:77,ensureNotificationPermission
FNF:5
FNH:5
FNDA:15,requestPermission
FNDA:23,checkPermission
FNDA:2,isNative
FNDA:5,requiresRuntimePermission
FNDA:15,ensureNotificationPermission
DA:11,2
DA:23,2
DA:24,2
DA:30,15
DA:32,13
DA:33,8
DA:34,8
DA:35,8
DA:36,7
DA:38,1
DA:42,5
DA:43,4
DA:46,1
DA:50,23
DA:52,20
DA:53,18
DA:54,18
DA:55,18
DA:56,17
DA:58,1
DA:62,2
DA:63,2
DA:66,0
DA:70,2
DA:74,5
DA:78,15
DA:79,15
DA:80,5
LF:28
LH:27
BRDA:30,0,0,2
BRDA:30,0,1,13
BRDA:32,1,0,8
BRDA:32,1,1,5
BRDA:42,2,0,4
BRDA:42,2,1,1
BRDA:50,3,0,3
BRDA:50,3,1,20
BRDA:52,4,0,18
BRDA:52,4,1,2
BRDA:62,5,0,2
BRDA:62,5,1,0
BRDA:79,6,0,10
BRDA:79,6,1,5
BRF:14
BRH:13
end_of_record
TN:
SF:src/lib/requestCache.ts
FN:12,evictIfNeeded
FN:15,(anonymous_1)
FN:16,(anonymous_2)
FN:23,cachedFetch
FN:43,(anonymous_4)
FN:48,(anonymous_5)
FN:53,invalidateCache
FNF:7
FNH:0
FNDA:0,evictIfNeeded
FNDA:0,(anonymous_1)
FNDA:0,(anonymous_2)
FNDA:0,cachedFetch
FNDA:0,(anonymous_4)
FNDA:0,(anonymous_5)
FNDA:0,invalidateCache
DA:8,1
DA:9,1
DA:10,1
DA:13,0
DA:14,0
DA:15,0
DA:16,0
DA:17,0
DA:18,0
DA:19,0
DA:28,0
DA:29,0
DA:30,0
DA:33,0
DA:34,0
DA:35,0
DA:36,0
DA:39,0
DA:40,0
DA:41,0
DA:43,0
DA:44,0
DA:46,0
DA:47,0
DA:48,0
DA:49,0
DA:50,0
DA:54,0
DA:55,0
DA:56,0
DA:58,0
DA:59,0
LF:32
LH:3
BRDA:13,0,0,0
BRDA:13,0,1,0
BRDA:26,1,0,0
BRDA:29,2,0,0
BRDA:29,2,1,0
BRDA:29,3,0,0
BRDA:29,3,1,0
BRDA:34,4,0,0
BRDA:34,4,1,0
BRDA:41,5,0,0
BRDA:41,5,1,0
BRDA:54,6,0,0
BRDA:54,6,1,0
BRDA:59,7,0,0
BRDA:59,7,1,0
BRF:15
BRH:0
end_of_record
TN:
SF:src/lib/sources.ts
FN:4,titleMatches
FN:34,callFunction
FN:44,searchSoundcloud
FN:49,soundcloudInfo
FN:54,searchBandcamp
FN:59,bandcampInfo
FN:70,findAudio
FN:78,(anonymous_7)
FN:114,findAudioFromUrl
FN:139,performYouTubeSearch
FN:141,(anonymous_10)
FN:144,performYouTubeInfo
FNF:12
FNH:10
FNDA:1,titleMatches
FNDA:6,callFunction
FNDA:3,searchSoundcloud
FNDA:0,soundcloudInfo
FNDA:3,searchBandcamp
FNDA:0,bandcampInfo
FNDA:3,findAudio
FNDA:9,(anonymous_7)
FNDA:3,findAudioFromUrl
FNDA:3,performYouTubeSearch
FNDA:3,(anonymous_10)
FNDA:3,performYouTubeInfo
DA:5,1
DA:6,1
DA:7,1
DA:8,1
DA:10,1
DA:11,1
DA:12,1
DA:13,1
DA:35,6
DA:40,0
DA:41,0
DA:45,3
DA:46,0
DA:50,0
DA:51,0
DA:55,3
DA:56,0
DA:60,0
DA:61,0
DA:62,0
DA:71,3
DA:77,3
DA:79,9
DA:80,3
DA:82,2
DA:83,3
DA:85,3
DA:86,0
DA:88,3
DA:91,3
DA:92,2
DA:93,1
DA:94,1
DA:97,1
DA:101,0
DA:105,3
DA:106,5
DA:107,2
DA:111,1
DA:116,3
DA:117,2
DA:118,2
DA:119,0
DA:123,1
DA:124,0
DA:125,0
DA:126,0
DA:130,1
DA:131,0
DA:132,0
DA:133,0
DA:136,1
DA:140,3
DA:141,3
DA:145,3
DA:146,3
DA:147,3
DA:149,0
LF:58
LH:39
BRDA:8,0,0,1
BRDA:8,0,1,0
BRDA:10,1,0,0
BRDA:10,1,1,1
BRDA:11,2,0,0
BRDA:11,2,1,1
BRDA:12,3,0,0
BRDA:12,3,1,1
BRDA:13,4,0,1
BRDA:13,4,1,1
BRDA:40,5,0,0
BRDA:40,5,1,0
BRDA:46,6,0,0
BRDA:46,6,1,0
BRDA:56,7,0,0
BRDA:56,7,1,0
BRDA:61,8,0,0
BRDA:61,8,1,0
BRDA:80,9,0,1
BRDA:80,9,1,2
BRDA:85,10,0,0
BRDA:85,10,1,3
BRDA:86,11,0,0
BRDA:86,11,1,0
BRDA:86,12,0,0
BRDA:86,12,1,0
BRDA:86,13,0,0
BRDA:86,13,1,0
BRDA:91,14,0,2
BRDA:91,14,1,1
BRDA:91,15,0,3
BRDA:91,15,1,3
BRDA:92,16,0,1
BRDA:92,16,1,1
BRDA:92,17,0,2
BRDA:92,17,1,1
BRDA:93,18,0,1
BRDA:93,18,1,0
BRDA:93,19,0,1
BRDA:93,19,1,0
BRDA:93,20,0,1
BRDA:93,20,1,0
BRDA:106,21,0,2
BRDA:106,21,1,3
BRDA:106,22,0,5
BRDA:106,22,1,3
BRDA:116,23,0,2
BRDA:116,23,1,1
BRDA:116,24,0,3
BRDA:116,24,1,2
BRDA:118,25,0,2
BRDA:118,25,1,0
BRDA:123,26,0,0
BRDA:123,26,1,1
BRDA:125,27,0,0
BRDA:125,27,1,0
BRDA:130,28,0,0
BRDA:130,28,1,1
BRDA:132,29,0,0
BRDA:132,29,1,0
BRF:60
BRH:31
end_of_record
TN:
SF:src/lib/spotifyApi.ts
FN:30,callSpotify
FN:37,(anonymous_1)
FN:43,fetchTrack
FN:47,fetchAlbum
FN:51,fetchPlaylist
FN:55,fetchPlaylistSummary
FN:121,searchSpotify
FN:125,fetchArtistDetails
FN:129,fetchTrackDetails
FN:150,fetchNewReleases
FN:155,fetchRecentlyPlayed
FN:160,fetchSpotifyCategories
FN:165,fetchCategoryPlaylists
FN:170,fetchRecommendations
FN:194,searchYouTubeTracks
FN:203,(anonymous_15)
FN:249,fetchShow
FN:253,fetchEpisode
FN:292,getPlaylistCategories
FN:293,(anonymous_19)
FN:295,(anonymous_20)
FN:306,enrichCategoryWithImages
FN:308,(anonymous_22)
FN:319,fetchLiveCategories
FN:323,(anonymous_24)
FN:340,setWebPlayerToken
FN:344,getWebPlayerToken
FN:348,clearWebPlayerToken
FN:352,testWebPlayerToken
FN:371,callPartner
FN:378,(anonymous_30)
FN:393,fetchUserPlaylists
FN:398,(anonymous_32)
FN:399,(anonymous_33)
FN:412,fetchSavedTracks
FN:416,partnerSearch
FN:420,partnerFetchPlaylist
FN:424,partnerFetchTrack
FN:428,getAnonymousPlayerToken
FNF:39
FNH:3
FNDA:0,callSpotify
FNDA:0,(anonymous_1)
FNDA:0,fetchTrack
FNDA:0,fetchAlbum
FNDA:0,fetchPlaylist
FNDA:0,fetchPlaylistSummary
FNDA:0,searchSpotify
FNDA:0,fetchArtistDetails
FNDA:0,fetchTrackDetails
FNDA:0,fetchNewReleases
FNDA:0,fetchRecentlyPlayed
FNDA:0,fetchSpotifyCategories
FNDA:0,fetchCategoryPlaylists
FNDA:0,fetchRecommendations
FNDA:0,searchYouTubeTracks
FNDA:0,(anonymous_15)
FNDA:0,fetchShow
FNDA:0,fetchEpisode
FNDA:2,getPlaylistCategories
FNDA:16,(anonymous_19)
FNDA:22,(anonymous_20)
FNDA:0,enrichCategoryWithImages
FNDA:0,(anonymous_22)
FNDA:0,fetchLiveCategories
FNDA:0,(anonymous_24)
FNDA:0,setWebPlayerToken
FNDA:0,getWebPlayerToken
FNDA:0,clearWebPlayerToken
FNDA:0,testWebPlayerToken
FNDA:0,callPartner
FNDA:0,(anonymous_30)
FNDA:0,fetchUserPlaylists
FNDA:0,(anonymous_32)
FNDA:0,(anonymous_33)
FNDA:0,fetchSavedTracks
FNDA:0,partnerSearch
FNDA:0,partnerFetchPlaylist
FNDA:0,partnerFetchTrack
FNDA:0,getAnonymousPlayerToken
DA:31,0
DA:36,0
DA:37,0
DA:38,0
DA:40,0
DA:44,0
DA:48,0
DA:52,0
DA:56,0
DA:57,0
DA:122,0
DA:126,0
DA:130,0
DA:151,0
DA:152,0
DA:156,0
DA:157,0
DA:161,0
DA:162,0
DA:166,0
DA:167,0
DA:176,0
DA:183,0
DA:195,0
DA:200,0
DA:201,0
DA:202,0
DA:203,0
DA:250,0
DA:254,0
DA:262,1
DA:293,16
DA:295,22
DA:307,0
DA:309,0
DA:310,0
DA:311,0
DA:312,0
DA:313,0
DA:316,0
DA:320,0
DA:321,0
DA:322,0
DA:324,0
DA:325,0
DA:326,0
DA:328,0
DA:332,0
DA:334,0
DA:338,1
DA:341,0
DA:345,0
DA:349,0
DA:353,0
DA:354,0
DA:359,0
DA:360,0
DA:361,0
DA:363,0
DA:364,0
DA:365,0
DA:367,0
DA:372,0
DA:377,0
DA:378,0
DA:379,0
DA:381,0
DA:394,0
DA:395,0
DA:396,0
DA:397,0
DA:398,0
DA:399,0
DA:408,0
DA:413,0
DA:417,0
DA:421,0
DA:425,0
DA:429,0
DA:430,0
LF:80
LH:4
BRDA:36,0,0,0
BRDA:36,0,1,0
BRDA:38,1,0,0
BRDA:38,1,1,0
BRDA:59,2,0,0
BRDA:59,2,1,0
BRDA:60,3,0,0
BRDA:60,3,1,0
BRDA:61,4,0,0
BRDA:61,4,1,0
BRDA:62,5,0,0
BRDA:62,5,1,0
BRDA:63,6,0,0
BRDA:63,6,1,0
BRDA:121,7,0,0
BRDA:121,8,0,0
BRDA:150,9,0,0
BRDA:152,10,0,0
BRDA:152,10,1,0
BRDA:155,11,0,0
BRDA:157,12,0,0
BRDA:157,12,1,0
BRDA:160,13,0,0
BRDA:162,14,0,0
BRDA:162,14,1,0
BRDA:165,15,0,0
BRDA:167,16,0,0
BRDA:167,16,1,0
BRDA:171,17,0,0
BRDA:172,18,0,0
BRDA:173,19,0,0
BRDA:174,20,0,0
BRDA:183,21,0,0
BRDA:183,21,1,0
BRDA:200,22,0,0
BRDA:200,22,1,0
BRDA:202,23,0,0
BRDA:202,23,1,0
BRDA:205,24,0,0
BRDA:205,24,1,0
BRDA:206,25,0,0
BRDA:206,25,1,0
BRDA:207,26,0,0
BRDA:207,26,1,0
BRDA:208,27,0,0
BRDA:208,27,1,0
BRDA:309,28,0,0
BRDA:309,28,1,0
BRDA:359,29,0,0
BRDA:359,29,1,0
BRDA:361,30,0,0
BRDA:361,30,1,0
BRDA:361,31,0,0
BRDA:361,31,1,0
BRDA:364,32,0,0
BRDA:364,32,1,0
BRDA:377,33,0,0
BRDA:377,33,1,0
BRDA:379,34,0,0
BRDA:379,34,1,0
BRDA:396,35,0,0
BRDA:396,35,1,0
BRDA:401,36,0,0
BRDA:401,36,1,0
BRDA:402,37,0,0
BRDA:402,37,1,0
BRDA:403,38,0,0
BRDA:403,38,1,0
BRDA:403,38,2,0
BRDA:404,39,0,0
BRDA:404,39,1,0
BRDA:404,39,2,0
BRDA:405,40,0,0
BRDA:405,40,1,0
BRDA:412,41,0,0
BRDA:412,42,0,0
BRDA:416,43,0,0
BRDA:416,44,0,0
BRDA:420,45,0,0
BRDA:420,46,0,0
BRF:80
BRH:0
end_of_record
TN:
SF:src/lib/spotifyAuth.ts
FN:11,getStored
FN:19,store
FN:27,clearStored
FN:31,getStoredProfile
FN:39,storeProfile
FN:43,clearStoredProfile
FN:47,fetchUserProfile
FN:66,getCachedProfile
FN:70,login
FN:75,exchangeCode
FN:85,(anonymous_10)
FN:90,(anonymous_11)
FN:90,(anonymous_12)
FN:102,refreshToken
FN:128,getAccessToken
FN:137,getRefreshToken
FN:142,isAuthenticated
FN:146,logout
FNF:18
FNH:0
FNDA:0,getStored
FNDA:0,store
FNDA:0,clearStored
FNDA:0,getStoredProfile
FNDA:0,storeProfile
FNDA:0,clearStoredProfile
FNDA:0,fetchUserProfile
FNDA:0,getCachedProfile
FNDA:0,login
FNDA:0,exchangeCode
FNDA:0,(anonymous_10)
FNDA:0,(anonymous_11)
FNDA:0,(anonymous_12)
FNDA:0,refreshToken
FNDA:0,getAccessToken
FNDA:0,getRefreshToken
FNDA:0,isAuthenticated
FNDA:0,logout
DA:12,0
DA:13,0
DA:15,0
DA:20,0
DA:28,0
DA:32,0
DA:33,0
DA:35,0
DA:40,0
DA:44,0
DA:48,0
DA:49,0
DA:50,0
DA:53,0
DA:54,0
DA:55,0
DA:62,0
DA:63,0
DA:67,0
DA:71,0
DA:72,0
DA:76,0
DA:77,0
DA:82,0
DA:83,0
DA:84,0
DA:85,0
DA:86,0
DA:88,0
DA:89,0
DA:90,0
DA:91,0
DA:92,0
DA:94,0
DA:96,0
DA:97,0
DA:98,0
DA:103,0
DA:104,0
DA:106,0
DA:107,0
DA:112,0
DA:113,0
DA:114,0
DA:115,0
DA:117,0
DA:118,0
DA:119,0
DA:120,0
DA:122,0
DA:123,0
DA:124,0
DA:129,0
DA:130,0
DA:131,0
DA:132,0
DA:134,0
DA:138,0
DA:139,0
DA:143,0
DA:147,0
DA:148,0
LF:62
LH:0
BRDA:13,0,0,0
BRDA:13,0,1,0
BRDA:22,1,0,0
BRDA:22,1,1,0
BRDA:33,2,0,0
BRDA:33,2,1,0
BRDA:49,3,0,0
BRDA:49,3,1,0
BRDA:53,4,0,0
BRDA:53,4,1,0
BRDA:57,5,0,0
BRDA:57,5,1,0
BRDA:58,6,0,0
BRDA:58,6,1,0
BRDA:59,7,0,0
BRDA:59,7,1,0
BRDA:60,8,0,0
BRDA:60,8,1,0
BRDA:82,9,0,0
BRDA:82,9,1,0
BRDA:86,10,0,0
BRDA:86,10,1,0
BRDA:86,10,2,0
BRDA:91,11,0,0
BRDA:91,11,1,0
BRDA:98,12,0,0
BRDA:98,12,1,0
BRDA:104,13,0,0
BRDA:104,13,1,0
BRDA:112,14,0,0
BRDA:112,14,1,0
BRDA:118,15,0,0
BRDA:118,15,1,0
BRDA:130,16,0,0
BRDA:130,16,1,0
BRDA:131,17,0,0
BRDA:131,17,1,0
BRDA:131,18,0,0
BRDA:131,18,1,0
BRDA:139,19,0,0
BRDA:139,19,1,0
BRF:41
BRH:0
end_of_record
TN:
SF:src/lib/version.ts
FN:4,parseVersion
FN:10,isNewerVersion
FNF:2
FNH:2
FNDA:19,parseVersion
FNDA:7,isNewerVersion
DA:1,1
DA:2,1
DA:5,19
DA:6,19
DA:7,16
DA:11,7
DA:12,7
DA:13,7
DA:14,7
DA:15,3
DA:16,2
LF:11
LH:11
BRDA:6,0,0,3
BRDA:6,0,1,16
BRDA:6,1,0,19
BRDA:6,1,1,16
BRDA:13,2,0,0
BRDA:13,2,1,7
BRDA:13,3,0,7
BRDA:13,3,1,7
BRDA:14,4,0,4
BRDA:14,4,1,3
BRDA:15,5,0,1
BRDA:15,5,1,2
BRF:12
BRH:11
end_of_record
TN:
SF:src/lib/youtubeClient.ts
FN:4,(anonymous_0)
FN:23,isNative
FN:28,proxyAudioUrl
FN:34,pipedSearch
FN:45,(anonymous_4)
FN:47,(anonymous_5)
FN:53,(anonymous_6)
FN:66,pipedInfo
FN:68,(anonymous_8)
FN:77,(anonymous_9)
FN:78,(anonymous_10)
FN:95,searchYouTube
FN:112,getVideoInfo
FN:118,(anonymous_13)
FN:139,extractVideoId
FNF:15
FNH:14
FNDA:5,(anonymous_0)
FNDA:10,isNative
FNDA:4,proxyAudioUrl
FNDA:3,pipedSearch
FNDA:1,(anonymous_4)
FNDA:1,(anonymous_5)
FNDA:1,(anonymous_6)
FNDA:3,pipedInfo
FNDA:9,(anonymous_8)
FNDA:1,(anonymous_9)
FNDA:0,(anonymous_10)
FNDA:3,searchYouTube
FNDA:4,getVideoInfo
FNDA:3,(anonymous_13)
FNDA:4,extractVideoId
DA:4,5
DA:5,2
DA:24,10
DA:29,4
DA:30,1
DA:31,1
DA:36,3
DA:37,3
DA:38,3
DA:41,2
DA:42,2
DA:43,2
DA:44,3
DA:45,1
DA:47,1
DA:53,1
DA:54,3
DA:56,1
DA:60,2
DA:67,3
DA:69,9
DA:72,3
DA:73,1
DA:74,1
DA:75,9
DA:76,1
DA:77,1
DA:78,0
DA:79,1
DA:80,1
DA:89,3
DA:90,7
DA:92,2
DA:96,3
DA:97,3
DA:98,3
DA:101,2
DA:107,1
DA:108,1
DA:109,1
DA:113,4
DA:114,4
DA:116,3
DA:119,3
DA:125,2
DA:126,1
DA:127,1
DA:128,1
DA:132,3
DA:133,2
DA:135,1
DA:136,4
DA:140,4
DA:147,4
DA:148,8
DA:149,8
DA:151,1
LF:57
LH:56
BRDA:29,0,0,3
BRDA:29,0,1,1
BRDA:36,1,0,0
BRDA:36,1,1,3
BRDA:41,2,0,0
BRDA:41,2,1,2
BRDA:43,3,0,2
BRDA:43,3,1,0
BRDA:48,4,0,1
BRDA:48,4,1,0
BRDA:49,5,0,1
BRDA:49,5,1,0
BRDA:51,6,0,1
BRDA:51,6,1,0
BRDA:54,7,0,1
BRDA:54,7,1,1
BRDA:72,8,0,0
BRDA:72,8,1,3
BRDA:74,9,0,1
BRDA:74,9,1,0
BRDA:75,10,0,0
BRDA:75,10,1,9
BRDA:78,11,0,0
BRDA:78,11,1,0
BRDA:78,12,0,0
BRDA:78,12,1,0
BRDA:79,13,0,0
BRDA:79,13,1,1
BRDA:81,14,0,1
BRDA:81,14,1,0
BRDA:82,15,0,9
BRDA:82,15,1,0
BRDA:83,16,0,9
BRDA:83,16,1,0
BRDA:85,17,0,9
BRDA:85,17,1,0
BRDA:90,18,0,1
BRDA:90,18,1,6
BRDA:96,19,0,3
BRDA:96,19,1,0
BRDA:98,20,0,1
BRDA:98,20,1,2
BRDA:107,21,0,0
BRDA:107,21,1,1
BRDA:109,22,0,1
BRDA:109,22,1,0
BRDA:114,23,0,1
BRDA:114,23,1,3
BRDA:125,24,0,0
BRDA:125,24,1,2
BRDA:127,25,0,1
BRDA:127,25,1,0
BRDA:132,26,0,1
BRDA:132,26,1,2
BRDA:132,27,0,3
BRDA:132,27,1,3
BRDA:133,28,0,1
BRDA:133,28,1,1
BRDA:133,29,0,2
BRDA:133,29,1,1
BRDA:135,30,0,0
BRDA:135,30,1,1
BRDA:135,31,0,1
BRDA:135,31,1,0
BRDA:149,32,0,3
BRDA:149,32,1,5
BRF:66
BRH:41
end_of_record
